[2020-01-03 03:18:55.293] [exthost] [info] extension host started
[2020-01-03 03:18:55.311] [exthost] [info] ExtensionService#_doActivateExtension vscode.debug-auto-launch {"startup":true,"extensionId":{"value":"vscode.debug-auto-launch","_lower":"vscode.debug-auto-launch"},"activationEvent":"*"}
[2020-01-03 03:18:55.311] [exthost] [info] ExtensionService#loadCommonJSModule file:///usr/share/code/resources/app/extensions/debug-auto-launch/dist/extension
[2020-01-03 03:18:55.313] [exthost] [info] ExtensionService#_doActivateExtension vscode.emmet {"startup":true,"extensionId":{"value":"vscode.emmet","_lower":"vscode.emmet"},"activationEvent":"*"}
[2020-01-03 03:18:55.313] [exthost] [info] ExtensionService#loadCommonJSModule file:///usr/share/code/resources/app/extensions/emmet/dist/extension
[2020-01-03 03:18:55.329] [exthost] [info] ExtensionService#_doActivateExtension vscode.git {"startup":true,"extensionId":{"value":"vscode.git","_lower":"vscode.git"},"activationEvent":"*"}
[2020-01-03 03:18:55.329] [exthost] [info] ExtensionService#loadCommonJSModule file:///usr/share/code/resources/app/extensions/git/dist/main
[2020-01-03 03:18:55.348] [exthost] [info] ExtensionService#_doActivateExtension vscode.merge-conflict {"startup":true,"extensionId":{"value":"vscode.merge-conflict","_lower":"vscode.merge-conflict"},"activationEvent":"*"}
[2020-01-03 03:18:55.348] [exthost] [info] ExtensionService#loadCommonJSModule file:///usr/share/code/resources/app/extensions/merge-conflict/dist/extension
[2020-01-03 03:18:55.350] [exthost] [info] ExtensionService#_doActivateExtension eamodio.gitlens {"startup":true,"extensionId":{"value":"eamodio.gitlens","_lower":"eamodio.gitlens"},"activationEvent":"*"}
[2020-01-03 03:18:55.350] [exthost] [info] ExtensionService#loadCommonJSModule file:///home/reham/.vscode/extensions/eamodio.gitlens-10.2.0/dist/extension
[2020-01-03 03:18:55.394] [exthost] [info] ExtensionService#_doActivateExtension esbenp.prettier-vscode {"startup":true,"extensionId":{"value":"esbenp.prettier-vscode","_lower":"esbenp.prettier-vscode"},"activationEvent":"*"}
[2020-01-03 03:18:55.394] [exthost] [info] ExtensionService#loadCommonJSModule file:///home/reham/.vscode/extensions/esbenp.prettier-vscode-3.18.0/dist/extension
[2020-01-03 03:18:55.428] [exthost] [info] ExtensionService#_doActivateExtension formulahendry.auto-close-tag {"startup":true,"extensionId":{"value":"formulahendry.auto-close-tag","_lower":"formulahendry.auto-close-tag"},"activationEvent":"*"}
[2020-01-03 03:18:55.429] [exthost] [info] ExtensionService#loadCommonJSModule file:///home/reham/.vscode/extensions/formulahendry.auto-close-tag-0.5.6/out/src/extension
[2020-01-03 03:18:55.429] [exthost] [info] ExtensionService#_doActivateExtension formulahendry.auto-rename-tag {"startup":true,"extensionId":{"value":"formulahendry.auto-rename-tag","_lower":"formulahendry.auto-rename-tag"},"activationEvent":"*"}
[2020-01-03 03:18:55.429] [exthost] [info] ExtensionService#loadCommonJSModule file:///home/reham/.vscode/extensions/formulahendry.auto-rename-tag-0.1.1/out/src/extension
[2020-01-03 03:18:55.431] [exthost] [info] ExtensionService#_doActivateExtension HookyQR.beautify {"startup":true,"extensionId":{"value":"HookyQR.beautify","_lower":"hookyqr.beautify"},"activationEvent":"*"}
[2020-01-03 03:18:55.431] [exthost] [info] ExtensionService#loadCommonJSModule file:///home/reham/.vscode/extensions/hookyqr.beautify-1.5.0/extension
[2020-01-03 03:18:55.464] [exthost] [info] ExtensionService#_doActivateExtension odubuc.mysql-inline-decorator {"startup":true,"extensionId":{"value":"odubuc.mysql-inline-decorator","_lower":"odubuc.mysql-inline-decorator"},"activationEvent":"*"}
[2020-01-03 03:18:55.464] [exthost] [info] ExtensionService#loadCommonJSModule file:///home/reham/.vscode/extensions/odubuc.mysql-inline-decorator-0.0.5/out/extension
[2020-01-03 03:18:55.466] [exthost] [info] ExtensionService#_doActivateExtension ritwickdey.LiveServer {"startup":true,"extensionId":{"value":"ritwickdey.LiveServer","_lower":"ritwickdey.liveserver"},"activationEvent":"*"}
[2020-01-03 03:18:55.466] [exthost] [info] ExtensionService#loadCommonJSModule file:///home/reham/.vscode/extensions/ritwickdey.liveserver-5.6.1/out/src/extension
[2020-01-03 03:18:55.819] [exthost] [info] ExtensionService#_doActivateExtension Sophisticode.php-formatter {"startup":true,"extensionId":{"value":"Sophisticode.php-formatter","_lower":"sophisticode.php-formatter"},"activationEvent":"*"}
[2020-01-03 03:18:55.819] [exthost] [info] ExtensionService#loadCommonJSModule file:///home/reham/.vscode/extensions/sophisticode.php-formatter-0.2.4/out/extension
[2020-01-03 03:18:55.830] [exthost] [info] eager extensions activated
