DEBUG     Checking PHPLS_ALLOW_XDEBUG
DEBUG     The xdebug extension is not loaded

[Info  - 1:34:30 PM] 5887 files total
[Info  - 1:34:30 PM] Indexing project for definitions and static references
Parsing file:///home/reham/blog/bootstrap/app.php
Parsing file:///home/reham/blog/bootstrap/cache/packages.php
Parsing file:///home/reham/blog/bootstrap/cache/services.php
Parsing file:///home/reham/blog/storage/framework/views/46fdcb8243d0f2ae698ac22fe548f2860da89b4c.php
Parsing file:///home/reham/blog/storage/framework/views/16da8c87d529cf4825947c17af1ad4d30e179389.php
Parsing file:///home/reham/blog/storage/framework/views/344ed6d7030650fe51b6d2cf6f68c2af163da784.php
Parsing file:///home/reham/blog/storage/framework/views/e34e479534cc123bacee78cb6e40ad5ac303f37b.php
Parsing file:///home/reham/blog/storage/framework/views/1a3927efb511ee7e3ffec22b28deae6823f96eb7.php
Parsing file:///home/reham/blog/storage/framework/views/deff82fdabe150061f1b883499e0276d6b5e045e.php
Parsing file:///home/reham/blog/tests/Feature/ExampleTest.php
Parsing file:///home/reham/blog/tests/CreatesApplication.php
Parsing file:///home/reham/blog/tests/Unit/ExampleTest.php
Parsing file:///home/reham/blog/tests/TestCase.php
Parsing file:///home/reham/blog/server.php
Parsing file:///home/reham/blog/public/index.php
Parsing file:///home/reham/blog/app/Post.php
Parsing file:///home/reham/blog/app/Http/Controllers/PostController.php
Parsing file:///home/reham/blog/app/Http/Controllers/Auth/RegisterController.php
Parsing file:///home/reham/blog/app/Http/Controllers/Auth/VerificationController.php
Parsing file:///home/reham/blog/app/Http/Controllers/Auth/LoginController.php
Parsing file:///home/reham/blog/app/Http/Controllers/Auth/ConfirmPasswordController.php
Parsing file:///home/reham/blog/app/Http/Controllers/Auth/ResetPasswordController.php
Parsing file:///home/reham/blog/app/Http/Controllers/Auth/ForgotPasswordController.php
Parsing file:///home/reham/blog/app/Http/Controllers/Controller.php
Parsing file:///home/reham/blog/app/Http/Middleware/TrimStrings.php
Parsing file:///home/reham/blog/app/Http/Middleware/CheckForMaintenanceMode.php
Parsing file:///home/reham/blog/app/Http/Middleware/RedirectIfAuthenticated.php
Parsing file:///home/reham/blog/app/Http/Middleware/Authenticate.php
Parsing file:///home/reham/blog/app/Http/Middleware/EncryptCookies.php
Parsing file:///home/reham/blog/app/Http/Middleware/TrustProxies.php
Parsing file:///home/reham/blog/app/Http/Middleware/VerifyCsrfToken.php
Parsing file:///home/reham/blog/app/Http/Kernel.php
Parsing file:///home/reham/blog/app/Exceptions/Handler.php
Parsing file:///home/reham/blog/app/Providers/RouteServiceProvider.php
Parsing file:///home/reham/blog/app/Providers/BroadcastServiceProvider.php
Parsing file:///home/reham/blog/app/Providers/AppServiceProvider.php
Parsing file:///home/reham/blog/app/Providers/AuthServiceProvider.php
Parsing file:///home/reham/blog/app/Providers/EventServiceProvider.php
Parsing file:///home/reham/blog/app/Console/Kernel.php
Parsing file:///home/reham/blog/app/User.php
Parsing file:///home/reham/blog/database/migrations/2019_08_19_000000_create_failed_jobs_table.php
Parsing file:///home/reham/blog/database/migrations/2014_10_12_000000_create_users_table.php
Parsing file:///home/reham/blog/database/migrations/2014_10_12_100000_create_password_resets_table.php
Parsing file:///home/reham/blog/database/migrations/2020_01_03_013454_create_posts_table.php
Parsing file:///home/reham/blog/database/factories/UserFactory.php
Parsing file:///home/reham/blog/database/seeds/DatabaseSeeder.php
Parsing file:///home/reham/blog/config/database.php
Parsing file:///home/reham/blog/config/session.php
Parsing file:///home/reham/blog/config/mail.php
Parsing file:///home/reham/blog/config/view.php
Parsing file:///home/reham/blog/config/app.php
Parsing file:///home/reham/blog/config/queue.php
Parsing file:///home/reham/blog/config/cache.php
Parsing file:///home/reham/blog/config/auth.php
Parsing file:///home/reham/blog/config/filesystems.php
Parsing file:///home/reham/blog/config/hashing.php
Parsing file:///home/reham/blog/config/broadcasting.php
Parsing file:///home/reham/blog/config/logging.php
Parsing file:///home/reham/blog/config/services.php
Parsing file:///home/reham/blog/vendor/autoload.php
Parsing file:///home/reham/blog/vendor/composer/autoload_files.php
Parsing file:///home/reham/blog/vendor/composer/autoload_real.php
Parsing file:///home/reham/blog/vendor/composer/autoload_static.php
[Info  - 1:34:31 PM] Ignoring file file:///home/reham/blog/vendor/composer/autoload_static.php because it exceeds size limit of 150000 bytes (530743)
Parsing file:///home/reham/blog/vendor/composer/autoload_namespaces.php
Parsing file:///home/reham/blog/vendor/composer/ClassLoader.php
Parsing file:///home/reham/blog/vendor/composer/autoload_psr4.php
Parsing file:///home/reham/blog/vendor/composer/autoload_classmap.php
[Info  - 1:34:31 PM] Ignoring file file:///home/reham/blog/vendor/composer/autoload_classmap.php because it exceeds size limit of 150000 bytes (481502)
Parsing file:///home/reham/blog/resources/lang/en/passwords.php
Parsing file:///home/reham/blog/resources/lang/en/auth.php
Parsing file:///home/reham/blog/resources/lang/en/pagination.php
Parsing file:///home/reham/blog/resources/lang/en/validation.php
Parsing file:///home/reham/blog/resources/views/posts/index.blade.php
Parsing file:///home/reham/blog/resources/views/posts/create.blade.php
Parsing file:///home/reham/blog/resources/views/welcome.blade.php
Parsing file:///home/reham/blog/resources/views/layouts/app.blade.php
Parsing file:///home/reham/blog/routes/web.php
Parsing file:///home/reham/blog/routes/channels.php
Parsing file:///home/reham/blog/routes/api.php
Parsing file:///home/reham/blog/routes/console.php
[Info  - 1:34:31 PM] Indexing project for dynamic references
Parsing file:///home/reham/blog/bootstrap/app.php
Parsing file:///home/reham/blog/bootstrap/cache/packages.php
Parsing file:///home/reham/blog/bootstrap/cache/services.php
Parsing file:///home/reham/blog/storage/framework/views/46fdcb8243d0f2ae698ac22fe548f2860da89b4c.php
Parsing file:///home/reham/blog/storage/framework/views/16da8c87d529cf4825947c17af1ad4d30e179389.php
Parsing file:///home/reham/blog/storage/framework/views/344ed6d7030650fe51b6d2cf6f68c2af163da784.php
Parsing file:///home/reham/blog/storage/framework/views/e34e479534cc123bacee78cb6e40ad5ac303f37b.php
Parsing file:///home/reham/blog/storage/framework/views/1a3927efb511ee7e3ffec22b28deae6823f96eb7.php
Parsing file:///home/reham/blog/storage/framework/views/deff82fdabe150061f1b883499e0276d6b5e045e.php
Parsing file:///home/reham/blog/tests/Feature/ExampleTest.php
Parsing file:///home/reham/blog/tests/CreatesApplication.php
Parsing file:///home/reham/blog/tests/Unit/ExampleTest.php
Parsing file:///home/reham/blog/tests/TestCase.php
Parsing file:///home/reham/blog/server.php
Parsing file:///home/reham/blog/public/index.php
Parsing file:///home/reham/blog/app/Post.php
Parsing file:///home/reham/blog/app/Http/Controllers/PostController.php
Parsing file:///home/reham/blog/app/Http/Controllers/Auth/RegisterController.php
Parsing file:///home/reham/blog/app/Http/Controllers/Auth/VerificationController.php
Parsing file:///home/reham/blog/app/Http/Controllers/Auth/LoginController.php
Parsing file:///home/reham/blog/app/Http/Controllers/Auth/ConfirmPasswordController.php
Parsing file:///home/reham/blog/app/Http/Controllers/Auth/ResetPasswordController.php
Parsing file:///home/reham/blog/app/Http/Controllers/Auth/ForgotPasswordController.php
Parsing file:///home/reham/blog/app/Http/Controllers/Controller.php
Parsing file:///home/reham/blog/app/Http/Middleware/TrimStrings.php
Parsing file:///home/reham/blog/app/Http/Middleware/CheckForMaintenanceMode.php
Parsing file:///home/reham/blog/app/Http/Middleware/RedirectIfAuthenticated.php
Parsing file:///home/reham/blog/app/Http/Middleware/Authenticate.php
Parsing file:///home/reham/blog/app/Http/Middleware/EncryptCookies.php
Parsing file:///home/reham/blog/app/Http/Middleware/TrustProxies.php
Parsing file:///home/reham/blog/app/Http/Middleware/VerifyCsrfToken.php
Parsing file:///home/reham/blog/app/Http/Kernel.php
Parsing file:///home/reham/blog/app/Exceptions/Handler.php
Parsing file:///home/reham/blog/app/Providers/RouteServiceProvider.php
Parsing file:///home/reham/blog/app/Providers/BroadcastServiceProvider.php
Parsing file:///home/reham/blog/app/Providers/AppServiceProvider.php
Parsing file:///home/reham/blog/app/Providers/AuthServiceProvider.php
Parsing file:///home/reham/blog/app/Providers/EventServiceProvider.php
Parsing file:///home/reham/blog/app/Console/Kernel.php
Parsing file:///home/reham/blog/app/User.php
Parsing file:///home/reham/blog/database/migrations/2019_08_19_000000_create_failed_jobs_table.php
Parsing file:///home/reham/blog/database/migrations/2014_10_12_000000_create_users_table.php
Parsing file:///home/reham/blog/database/migrations/2014_10_12_100000_create_password_resets_table.php
Parsing file:///home/reham/blog/database/migrations/2020_01_03_013454_create_posts_table.php
Parsing file:///home/reham/blog/database/factories/UserFactory.php
Parsing file:///home/reham/blog/database/seeds/DatabaseSeeder.php
Parsing file:///home/reham/blog/config/database.php
Parsing file:///home/reham/blog/config/session.php
Parsing file:///home/reham/blog/config/mail.php
Parsing file:///home/reham/blog/config/view.php
Parsing file:///home/reham/blog/config/app.php
Parsing file:///home/reham/blog/config/queue.php
Parsing file:///home/reham/blog/config/cache.php
Parsing file:///home/reham/blog/config/auth.php
Parsing file:///home/reham/blog/config/filesystems.php
Parsing file:///home/reham/blog/config/hashing.php
Parsing file:///home/reham/blog/config/broadcasting.php
Parsing file:///home/reham/blog/config/logging.php
Parsing file:///home/reham/blog/config/services.php
Parsing file:///home/reham/blog/vendor/autoload.php
Parsing file:///home/reham/blog/vendor/composer/autoload_files.php
Parsing file:///home/reham/blog/vendor/composer/autoload_real.php
Parsing file:///home/reham/blog/vendor/composer/autoload_static.php
[Info  - 1:34:32 PM] Ignoring file file:///home/reham/blog/vendor/composer/autoload_static.php because it exceeds size limit of 150000 bytes (530743)
Parsing file:///home/reham/blog/vendor/composer/autoload_namespaces.php
Parsing file:///home/reham/blog/vendor/composer/ClassLoader.php
Parsing file:///home/reham/blog/vendor/composer/autoload_psr4.php
Parsing file:///home/reham/blog/vendor/composer/autoload_classmap.php
[Info  - 1:34:32 PM] Ignoring file file:///home/reham/blog/vendor/composer/autoload_classmap.php because it exceeds size limit of 150000 bytes (481502)
Parsing file:///home/reham/blog/resources/lang/en/passwords.php
Parsing file:///home/reham/blog/resources/lang/en/auth.php
Parsing file:///home/reham/blog/resources/lang/en/pagination.php
Parsing file:///home/reham/blog/resources/lang/en/validation.php
Parsing file:///home/reham/blog/resources/views/posts/index.blade.php
Parsing file:///home/reham/blog/resources/views/posts/create.blade.php
Parsing file:///home/reham/blog/resources/views/welcome.blade.php
Parsing file:///home/reham/blog/resources/views/layouts/app.blade.php
Parsing file:///home/reham/blog/routes/web.php
Parsing file:///home/reham/blog/routes/channels.php
Parsing file:///home/reham/blog/routes/api.php
Parsing file:///home/reham/blog/routes/console.php
[Info  - 1:34:32 PM] 85 Packages
[Info  - 1:34:32 PM] Restored filp/whoops:2.7.0 from cache
[Info  - 1:34:32 PM] Restored myclabs/deep-copy:1.9.4 from cache
[Info  - 1:34:32 PM] Restored egulias/email-validator:2.1.13 from cache
[Info  - 1:34:32 PM] Restored doctrine/inflector:1.3.1 from cache
[Info  - 1:34:32 PM] Restored doctrine/instantiator:1.3.0 from cache
[Info  - 1:34:32 PM] Restored doctrine/lexer:1.2.0 from cache
[Info  - 1:34:32 PM] Restored hamcrest/hamcrest-php:2.0.0 from cache
[Info  - 1:34:32 PM] Restored swiftmailer/swiftmailer:6.2.3 from cache
[Info  - 1:34:32 PM] Restored fideloper/proxy:4.2.2 from cache
[Info  - 1:34:32 PM] Restored vlucas/phpdotenv:3.6.0 from cache
[Info  - 1:34:32 PM] Restored jakub-onderka/php-console-color:0.2 from cache
[Info  - 1:34:32 PM] Restored jakub-onderka/php-console-highlighter:0.4 from cache
[Info  - 1:34:32 PM] Restored phar-io/manifest:1.0.3 from cache
[Info  - 1:34:32 PM] Restored phar-io/version:2.0.1 from cache
[Info  - 1:34:32 PM] Restored theseer/tokenizer:1.1.3 from cache
[Info  - 1:34:32 PM] Restored league/flysystem:1.0.62 from cache
[Info  - 1:34:33 PM] Restored opis/closure:3.5.1 from cache
[Info  - 1:34:33 PM] Restored fzaninotto/faker:1.9.1 from cache
[Info  - 1:34:33 PM] Restored nunomaduro/collision:3.0.1 from cache
[Info  - 1:34:33 PM] Restored phpoption/phpoption:1.7.2 from cache
[Info  - 1:34:33 PM] Restored nesbot/carbon:2.28.0 from cache
[Info  - 1:34:33 PM] Restored psr/log:1.1.2 from cache
[Info  - 1:34:33 PM] Restored psr/simple-cache:1.0.1 from cache
[Info  - 1:34:33 PM] Restored psr/container:1.0.0 from cache
[Info  - 1:34:33 PM] Restored nikic/php-parser:4.3.0 from cache
[Info  - 1:34:33 PM] Restored webmozart/assert:1.6.0 from cache
[Info  - 1:34:33 PM] Restored phpunit/php-code-coverage:7.0.10 from cache
[Info  - 1:34:33 PM] Restored phpunit/php-file-iterator:2.0.2 from cache
[Info  - 1:34:33 PM] Restored phpunit/php-timer:2.1.2 from cache
[Info  - 1:34:34 PM] Restored phpunit/php-token-stream:3.1.1 from cache
[Info  - 1:34:34 PM] Restored phpunit/phpunit:8.5.1 from cache
[Info  - 1:34:34 PM] Restored phpunit/php-text-template:1.2.1 from cache
[Info  - 1:34:34 PM] Restored paragonie/random_compat:9.99.99 from cache
[Info  - 1:34:34 PM] Restored dnoegel/php-xdg-base-dir:0.1.1 from cache
[Info  - 1:34:34 PM] Restored facade/ignition:1.13.1 from cache
[Info  - 1:34:34 PM] Restored facade/flare-client-php:1.3.1 from cache
[Info  - 1:34:34 PM] Restored facade/ignition-contracts:1.0.0 from cache
[Info  - 1:34:34 PM] Restored monolog/monolog:2.0.2 from cache
[Info  - 1:34:34 PM] Restored tijsverkoyen/css-to-inline-styles:2.2.2 from cache
[Info  - 1:34:34 PM] Restored dragonmantank/cron-expression:2.3.0 from cache
[Info  - 1:34:34 PM] Restored phpspec/prophecy:1.10.1 from cache
[Info  - 1:34:34 PM] Restored erusev/parsedown:1.7.4 from cache
[Info  - 1:34:34 PM] Restored sebastian/global-state:3.0.0 from cache
[Info  - 1:34:34 PM] Restored sebastian/comparator:3.0.2 from cache
[Info  - 1:34:34 PM] Restored sebastian/resource-operations:2.0.1 from cache
[Info  - 1:34:34 PM] Restored sebastian/type:1.1.3 from cache
[Info  - 1:34:34 PM] Restored sebastian/code-unit-reverse-lookup:1.0.1 from cache
[Info  - 1:34:34 PM] Restored sebastian/version:2.0.1 from cache
[Info  - 1:34:34 PM] Restored sebastian/environment:4.2.3 from cache
[Info  - 1:34:34 PM] Restored sebastian/exporter:3.1.2 from cache
[Info  - 1:34:34 PM] Restored sebastian/recursion-context:3.0.0 from cache
[Info  - 1:34:34 PM] Restored sebastian/object-reflector:1.1.1 from cache
[Info  - 1:34:34 PM] Restored sebastian/object-enumerator:3.0.3 from cache
[Info  - 1:34:34 PM] Restored sebastian/diff:3.0.2 from cache
[Info  - 1:34:35 PM] Restored ramsey/uuid:3.9.2 from cache
[Info  - 1:34:35 PM] Restored phpdocumentor/reflection-common:2.0.0 from cache
[Info  - 1:34:35 PM] Restored phpdocumentor/reflection-docblock:4.3.4 from cache
[Info  - 1:34:35 PM] Restored phpdocumentor/type-resolver:1.0.1 from cache
[Info  - 1:34:35 PM] Restored scrivo/highlight.php:9.17.1.0 from cache
[Info  - 1:34:35 PM] Restored mockery/mockery:1.3.1 from cache
[Info  - 1:34:35 PM] Restored symfony/service-contracts:2.0.1 from cache
[Info  - 1:34:35 PM] Restored symfony/http-foundation:4.4.2 from cache
[Info  - 1:34:35 PM] Restored symfony/css-selector:5.0.2 from cache
[Info  - 1:34:35 PM] Restored symfony/mime:5.0.2 from cache
[Info  - 1:34:35 PM] Restored symfony/event-dispatcher:4.4.2 from cache
[Info  - 1:34:35 PM] Restored symfony/polyfill-mbstring:1.13.1 from cache
[Info  - 1:34:35 PM] Restored symfony/process:4.4.2 from cache
[Info  - 1:34:35 PM] Restored symfony/console:4.4.2 from cache
[Info  - 1:34:35 PM] Restored symfony/routing:4.4.2 from cache
[Info  - 1:34:35 PM] Restored symfony/polyfill-ctype:1.13.1 from cache
[Info  - 1:34:35 PM] Restored symfony/polyfill-iconv:1.13.1 from cache
[Info  - 1:34:35 PM] Restored symfony/polyfill-php73:1.13.1 from cache
[Info  - 1:34:35 PM] Restored symfony/error-handler:4.4.2 from cache
[Info  - 1:34:35 PM] Restored symfony/event-dispatcher-contracts:1.1.7 from cache
[Info  - 1:34:35 PM] Restored symfony/var-dumper:4.4.2 from cache
[Info  - 1:34:35 PM] Restored symfony/polyfill-intl-idn:1.13.1 from cache
[Info  - 1:34:35 PM] Restored symfony/polyfill-php72:1.13.1 from cache
[Info  - 1:34:35 PM] Restored symfony/http-kernel:4.4.2 from cache
[Info  - 1:34:36 PM] Restored symfony/debug:4.4.2 from cache
[Info  - 1:34:36 PM] Restored symfony/translation-contracts:2.0.1 from cache
[Info  - 1:34:36 PM] Restored symfony/translation:4.4.2 from cache
[Info  - 1:34:36 PM] Restored symfony/finder:4.4.2 from cache
[Info  - 1:34:36 PM] Restored laravel/framework:6.9.0 from cache
[Info  - 1:34:37 PM] Restored laravel/tinker:2.0.0 from cache
[Info  - 1:34:37 PM] Restored psy/psysh:0.9.12 from cache
[Info  - 1:34:37 PM] All 5887 PHP files parsed in 6 seconds. 420 MiB allocated.
