[2020-01-03 03:17:24.544] [exthost] [info] extension host started
[2020-01-03 03:17:24.569] [exthost] [info] ExtensionService#_doActivateExtension vscode.debug-auto-launch {"startup":true,"extensionId":{"value":"vscode.debug-auto-launch","_lower":"vscode.debug-auto-launch"},"activationEvent":"*"}
[2020-01-03 03:17:24.569] [exthost] [info] ExtensionService#loadCommonJSModule file:///usr/share/code/resources/app/extensions/debug-auto-launch/dist/extension
[2020-01-03 03:17:24.684] [exthost] [info] ExtensionService#_doActivateExtension vscode.emmet {"startup":true,"extensionId":{"value":"vscode.emmet","_lower":"vscode.emmet"},"activationEvent":"*"}
[2020-01-03 03:17:24.684] [exthost] [info] ExtensionService#loadCommonJSModule file:///usr/share/code/resources/app/extensions/emmet/dist/extension
[2020-01-03 03:17:24.813] [exthost] [info] ExtensionService#_doActivateExtension vscode.git {"startup":true,"extensionId":{"value":"vscode.git","_lower":"vscode.git"},"activationEvent":"*"}
[2020-01-03 03:17:24.813] [exthost] [info] ExtensionService#loadCommonJSModule file:///usr/share/code/resources/app/extensions/git/dist/main
[2020-01-03 03:17:24.990] [exthost] [info] ExtensionService#_doActivateExtension vscode.merge-conflict {"startup":true,"extensionId":{"value":"vscode.merge-conflict","_lower":"vscode.merge-conflict"},"activationEvent":"*"}
[2020-01-03 03:17:24.991] [exthost] [info] ExtensionService#loadCommonJSModule file:///usr/share/code/resources/app/extensions/merge-conflict/dist/extension
[2020-01-03 03:17:25.132] [exthost] [info] ExtensionService#_doActivateExtension eamodio.gitlens {"startup":true,"extensionId":{"value":"eamodio.gitlens","_lower":"eamodio.gitlens"},"activationEvent":"*"}
[2020-01-03 03:17:25.133] [exthost] [info] ExtensionService#loadCommonJSModule file:///home/reham/.vscode/extensions/eamodio.gitlens-10.2.0/dist/extension
[2020-01-03 03:17:25.242] [exthost] [info] ExtensionService#_doActivateExtension esbenp.prettier-vscode {"startup":true,"extensionId":{"value":"esbenp.prettier-vscode","_lower":"esbenp.prettier-vscode"},"activationEvent":"*"}
[2020-01-03 03:17:25.242] [exthost] [info] ExtensionService#loadCommonJSModule file:///home/reham/.vscode/extensions/esbenp.prettier-vscode-3.18.0/dist/extension
[2020-01-03 03:17:25.485] [exthost] [info] ExtensionService#_doActivateExtension formulahendry.auto-close-tag {"startup":true,"extensionId":{"value":"formulahendry.auto-close-tag","_lower":"formulahendry.auto-close-tag"},"activationEvent":"*"}
[2020-01-03 03:17:25.485] [exthost] [info] ExtensionService#loadCommonJSModule file:///home/reham/.vscode/extensions/formulahendry.auto-close-tag-0.5.6/out/src/extension
[2020-01-03 03:17:25.511] [exthost] [info] ExtensionService#_doActivateExtension formulahendry.auto-rename-tag {"startup":true,"extensionId":{"value":"formulahendry.auto-rename-tag","_lower":"formulahendry.auto-rename-tag"},"activationEvent":"*"}
[2020-01-03 03:17:25.511] [exthost] [info] ExtensionService#loadCommonJSModule file:///home/reham/.vscode/extensions/formulahendry.auto-rename-tag-0.1.1/out/src/extension
[2020-01-03 03:17:25.569] [exthost] [info] ExtensionService#_doActivateExtension HookyQR.beautify {"startup":true,"extensionId":{"value":"HookyQR.beautify","_lower":"hookyqr.beautify"},"activationEvent":"*"}
[2020-01-03 03:17:25.570] [exthost] [info] ExtensionService#loadCommonJSModule file:///home/reham/.vscode/extensions/hookyqr.beautify-1.5.0/extension
[2020-01-03 03:17:26.107] [exthost] [info] ExtensionService#_doActivateExtension odubuc.mysql-inline-decorator {"startup":true,"extensionId":{"value":"odubuc.mysql-inline-decorator","_lower":"odubuc.mysql-inline-decorator"},"activationEvent":"*"}
[2020-01-03 03:17:26.107] [exthost] [info] ExtensionService#loadCommonJSModule file:///home/reham/.vscode/extensions/odubuc.mysql-inline-decorator-0.0.5/out/extension
[2020-01-03 03:17:26.141] [exthost] [info] ExtensionService#_doActivateExtension ritwickdey.LiveServer {"startup":true,"extensionId":{"value":"ritwickdey.LiveServer","_lower":"ritwickdey.liveserver"},"activationEvent":"*"}
[2020-01-03 03:17:26.142] [exthost] [info] ExtensionService#loadCommonJSModule file:///home/reham/.vscode/extensions/ritwickdey.liveserver-5.6.1/out/src/extension
[2020-01-03 03:17:28.528] [exthost] [info] ExtensionService#_doActivateExtension Sophisticode.php-formatter {"startup":true,"extensionId":{"value":"Sophisticode.php-formatter","_lower":"sophisticode.php-formatter"},"activationEvent":"*"}
[2020-01-03 03:17:28.528] [exthost] [info] ExtensionService#loadCommonJSModule file:///home/reham/.vscode/extensions/sophisticode.php-formatter-0.2.4/out/extension
[2020-01-03 03:17:28.639] [exthost] [info] eager extensions activated
[2020-01-03 03:17:29.023] [exthost] [info] ExtensionService#_doActivateExtension vscode.html-language-features {"startup":false,"extensionId":{"value":"vscode.html-language-features","_lower":"vscode.html-language-features"},"activationEvent":"onLanguage:html"}
[2020-01-03 03:17:29.023] [exthost] [info] ExtensionService#loadCommonJSModule file:///usr/share/code/resources/app/extensions/html-language-features/client/dist/htmlMain
[2020-01-03 03:18:07.285] [exthost] [info] extension host started
[2020-01-03 03:18:07.291] [exthost] [info] ExtensionService#_doActivateExtension vscode.debug-auto-launch {"startup":true,"extensionId":{"value":"vscode.debug-auto-launch","_lower":"vscode.debug-auto-launch"},"activationEvent":"*"}
[2020-01-03 03:18:07.292] [exthost] [info] ExtensionService#loadCommonJSModule file:///usr/share/code/resources/app/extensions/debug-auto-launch/dist/extension
[2020-01-03 03:18:07.293] [exthost] [info] ExtensionService#_doActivateExtension vscode.emmet {"startup":true,"extensionId":{"value":"vscode.emmet","_lower":"vscode.emmet"},"activationEvent":"*"}
[2020-01-03 03:18:07.293] [exthost] [info] ExtensionService#loadCommonJSModule file:///usr/share/code/resources/app/extensions/emmet/dist/extension
[2020-01-03 03:18:07.302] [exthost] [info] ExtensionService#_doActivateExtension vscode.git {"startup":true,"extensionId":{"value":"vscode.git","_lower":"vscode.git"},"activationEvent":"*"}
[2020-01-03 03:18:07.302] [exthost] [info] ExtensionService#loadCommonJSModule file:///usr/share/code/resources/app/extensions/git/dist/main
[2020-01-03 03:18:07.317] [exthost] [info] ExtensionService#_doActivateExtension vscode.merge-conflict {"startup":true,"extensionId":{"value":"vscode.merge-conflict","_lower":"vscode.merge-conflict"},"activationEvent":"*"}
[2020-01-03 03:18:07.317] [exthost] [info] ExtensionService#loadCommonJSModule file:///usr/share/code/resources/app/extensions/merge-conflict/dist/extension
[2020-01-03 03:18:07.319] [exthost] [info] ExtensionService#_doActivateExtension eamodio.gitlens {"startup":true,"extensionId":{"value":"eamodio.gitlens","_lower":"eamodio.gitlens"},"activationEvent":"*"}
[2020-01-03 03:18:07.319] [exthost] [info] ExtensionService#loadCommonJSModule file:///home/reham/.vscode/extensions/eamodio.gitlens-10.2.0/dist/extension
[2020-01-03 03:18:07.344] [exthost] [info] ExtensionService#_doActivateExtension esbenp.prettier-vscode {"startup":true,"extensionId":{"value":"esbenp.prettier-vscode","_lower":"esbenp.prettier-vscode"},"activationEvent":"*"}
[2020-01-03 03:18:07.344] [exthost] [info] ExtensionService#loadCommonJSModule file:///home/reham/.vscode/extensions/esbenp.prettier-vscode-3.18.0/dist/extension
[2020-01-03 03:18:07.367] [exthost] [info] ExtensionService#_doActivateExtension formulahendry.auto-close-tag {"startup":true,"extensionId":{"value":"formulahendry.auto-close-tag","_lower":"formulahendry.auto-close-tag"},"activationEvent":"*"}
[2020-01-03 03:18:07.367] [exthost] [info] ExtensionService#loadCommonJSModule file:///home/reham/.vscode/extensions/formulahendry.auto-close-tag-0.5.6/out/src/extension
[2020-01-03 03:18:07.367] [exthost] [info] ExtensionService#_doActivateExtension formulahendry.auto-rename-tag {"startup":true,"extensionId":{"value":"formulahendry.auto-rename-tag","_lower":"formulahendry.auto-rename-tag"},"activationEvent":"*"}
[2020-01-03 03:18:07.367] [exthost] [info] ExtensionService#loadCommonJSModule file:///home/reham/.vscode/extensions/formulahendry.auto-rename-tag-0.1.1/out/src/extension
[2020-01-03 03:18:07.369] [exthost] [info] ExtensionService#_doActivateExtension HookyQR.beautify {"startup":true,"extensionId":{"value":"HookyQR.beautify","_lower":"hookyqr.beautify"},"activationEvent":"*"}
[2020-01-03 03:18:07.369] [exthost] [info] ExtensionService#loadCommonJSModule file:///home/reham/.vscode/extensions/hookyqr.beautify-1.5.0/extension
[2020-01-03 03:18:07.391] [exthost] [info] ExtensionService#_doActivateExtension odubuc.mysql-inline-decorator {"startup":true,"extensionId":{"value":"odubuc.mysql-inline-decorator","_lower":"odubuc.mysql-inline-decorator"},"activationEvent":"*"}
[2020-01-03 03:18:07.391] [exthost] [info] ExtensionService#loadCommonJSModule file:///home/reham/.vscode/extensions/odubuc.mysql-inline-decorator-0.0.5/out/extension
[2020-01-03 03:18:07.393] [exthost] [info] ExtensionService#_doActivateExtension ritwickdey.LiveServer {"startup":true,"extensionId":{"value":"ritwickdey.LiveServer","_lower":"ritwickdey.liveserver"},"activationEvent":"*"}
[2020-01-03 03:18:07.393] [exthost] [info] ExtensionService#loadCommonJSModule file:///home/reham/.vscode/extensions/ritwickdey.liveserver-5.6.1/out/src/extension
[2020-01-03 03:18:07.807] [exthost] [info] ExtensionService#_doActivateExtension Sophisticode.php-formatter {"startup":true,"extensionId":{"value":"Sophisticode.php-formatter","_lower":"sophisticode.php-formatter"},"activationEvent":"*"}
[2020-01-03 03:18:07.807] [exthost] [info] ExtensionService#loadCommonJSModule file:///home/reham/.vscode/extensions/sophisticode.php-formatter-0.2.4/out/extension
[2020-01-03 03:18:07.814] [exthost] [info] ExtensionService#_doActivateExtension vscode.npm {"startup":true,"extensionId":{"value":"vscode.npm","_lower":"vscode.npm"},"activationEvent":"workspaceContains:package.json"}
[2020-01-03 03:18:07.814] [exthost] [info] ExtensionService#loadCommonJSModule file:///usr/share/code/resources/app/extensions/npm/dist/main
[2020-01-03 03:18:09.147] [exthost] [info] ExtensionService#_doActivateExtension felixfbecker.php-intellisense {"startup":true,"extensionId":{"value":"felixfbecker.php-intellisense","_lower":"felixfbecker.php-intellisense"},"activationEvent":"workspaceContains:**/*.php"}
[2020-01-03 03:18:09.147] [exthost] [info] ExtensionService#loadCommonJSModule file:///home/reham/.vscode/extensions/felixfbecker.php-intellisense-2.3.14/out/extension
[2020-01-03 03:18:10.023] [exthost] [info] eager extensions activated
[2020-01-03 03:18:34.623] [exthost] [info] ExtensionService#_doActivateExtension vscode.php-language-features {"startup":false,"extensionId":{"value":"vscode.php-language-features","_lower":"vscode.php-language-features"},"activationEvent":"onLanguage:php"}
[2020-01-03 03:18:34.623] [exthost] [info] ExtensionService#loadCommonJSModule file:///usr/share/code/resources/app/extensions/php-language-features/dist/phpMain
[2020-01-03 03:23:00.900] [exthost] [info] ExtensionService#_doActivateExtension vscode.configuration-editing {"startup":false,"extensionId":{"value":"vscode.configuration-editing","_lower":"vscode.configuration-editing"},"activationEvent":"onLanguage:jsonc"}
[2020-01-03 03:23:00.900] [exthost] [info] ExtensionService#loadCommonJSModule file:///usr/share/code/resources/app/extensions/configuration-editing/dist/extension
[2020-01-03 03:23:00.907] [exthost] [info] ExtensionService#_doActivateExtension vscode.json-language-features {"startup":false,"extensionId":{"value":"vscode.json-language-features","_lower":"vscode.json-language-features"},"activationEvent":"onLanguage:jsonc"}
[2020-01-03 03:23:00.908] [exthost] [info] ExtensionService#loadCommonJSModule file:///usr/share/code/resources/app/extensions/json-language-features/client/dist/jsonMain
[2020-01-03 03:23:00.942] [exthost] [info] ExtensionService#_doActivateExtension vscode.typescript-language-features {"startup":false,"extensionId":{"value":"vscode.typescript-language-features","_lower":"vscode.typescript-language-features"},"activationEvent":"onLanguage:jsonc"}
[2020-01-03 03:23:00.943] [exthost] [info] ExtensionService#loadCommonJSModule file:///usr/share/code/resources/app/extensions/typescript-language-features/dist/extension
